{"level":"info","message":"New user registered: john.doe@example.com","timestamp":"2025-08-30 13:15:09:159"}
{"level":"info","message":"User logged in: john.doe@example.com","timestamp":"2025-08-30 13:16:32:1632"}
{"level":"error","message":"User registration failed:","timestamp":"2025-08-30 13:35:53:3553"}
{"level":"info","message":"User logged in: john.doe@example.com","timestamp":"2025-08-30 13:37:27:3727"}
{"level":"info","message":"Tokens refreshed for user: john.doe@example.com","timestamp":"2025-08-30 13:39:18:3918"}
{"level":"error","message":"User login failed:","timestamp":"2025-08-31 02:32:32:3232"}
{"level":"error","message":"User login failed:","timestamp":"2025-08-31 02:34:19:3419"}
{"level":"info","message":"New user registered: test@example.com","timestamp":"2025-08-31 02:35:58:3558"}
{"level":"info","message":"User logged in: test@example.com","timestamp":"2025-08-31 02:35:59:3559"}
{"level":"error","message":"User registration failed:","timestamp":"2025-08-31 02:36:22:3622"}
{"level":"info","message":"User logged in: test@example.com","timestamp":"2025-08-31 02:36:23:3623"}
{"level":"error","message":"User registration failed:","timestamp":"2025-08-31 02:36:53:3653"}
{"level":"info","message":"User logged in: test@example.com","timestamp":"2025-08-31 02:36:54:3654"}
{"level":"info","message":"New user registered: love@gmail.com","timestamp":"2025-08-31 02:52:57:5257"}
{"level":"info","message":"User logged in: love@gmail.com","timestamp":"2025-08-31 02:56:58:5658"}
{"level":"error","message":"User registration failed:","timestamp":"2025-08-31 03:09:37:937"}
{"level":"info","message":"User logged in: test@example.com","timestamp":"2025-08-31 03:09:38:938"}
{"level":"error","message":"Token verification failed:","timestamp":"2025-08-31 03:15:12:1512"}
{"level":"info","message":"User logged in: test@example.com","timestamp":"2025-08-31 04:22:19:2219"}
{"level":"info","message":"User logged in: test@example.com","timestamp":"2025-08-31 04:24:00:240"}
{"level":"info","message":"User logged in: test@example.com","timestamp":"2025-08-31 04:24:09:249"}
{"level":"info","message":"User logged in: test@example.com","timestamp":"2025-08-31 04:27:24:2724"}
{"level":"info","message":"User logged in: love@gmail.com","timestamp":"2025-08-31 04:28:08:288"}
{"level":"info","message":"User logged out: love@gmail.com","timestamp":"2025-08-31 04:42:14:4214"}
{"level":"info","message":"User logged in: love@gmail.com","timestamp":"2025-08-31 04:42:30:4230"}
{"level":"error","message":"User registration failed:","timestamp":"2025-08-31 05:00:36:036"}
{"level":"info","message":"User logged in: test@example.com","timestamp":"2025-08-31 05:00:36:036"}
{"level":"error","message":"User registration failed:","timestamp":"2025-08-31 05:12:38:1238"}
{"level":"info","message":"User logged in: test@example.com","timestamp":"2025-08-31 05:12:39:1239"}
{"level":"info","message":"User logged out: love@gmail.com","timestamp":"2025-08-31 08:18:47:1847"}
{"level":"info","message":"User logged in: love@gmail.com","timestamp":"2025-08-31 08:20:23:2023"}
{"level":"info","message":"User logged out: love@gmail.com","timestamp":"2025-08-31 08:29:57:2957"}
{"level":"info","message":"User logged in: love@gmail.com","timestamp":"2025-08-31 08:33:27:3327"}
