{"level":"info","message":{"ip":"::1","method":"GET","url":"/health","userAgent":"Mozilla/5.0 (Windows NT 10.0; Win64; x64) AppleWebKit/537.36 (KHTML, like Gecko) Chrome/139.0.0.0 Safari/537.36"},"timestamp":"2025-08-30T07:13:20.206Z"}
{"level":"info","message":{"ip":"::1","method":"GET","url":"/favicon.ico","userAgent":"Mozilla/5.0 (Windows NT 10.0; Win64; x64) AppleWebKit/537.36 (KHTML, like Gecko) Chrome/139.0.0.0 Safari/537.36"},"timestamp":"2025-08-30T07:13:20.327Z"}
{"level":"info","message":{"ip":"::1","method":"POST","url":"/api/auth/register","userAgent":"PostmanRuntime/7.45.0"},"timestamp":"2025-08-30T07:45:07.590Z"}
{"level":"info","message":{"ip":"::1","method":"POST","url":"/api/auth/login","userAgent":"PostmanRuntime/7.45.0"},"timestamp":"2025-08-30T07:46:22.088Z"}
{"level":"info","message":{"ip":"::1","method":"POST","url":"/api/analytics/geospatial","userAgent":"PostmanRuntime/7.45.0"},"timestamp":"2025-08-30T07:48:14.969Z"}
{"level":"info","message":{"ip":"::1","method":"POST","url":"/api/analytics/demand-forecast","userAgent":"PostmanRuntime/7.45.0"},"timestamp":"2025-08-30T07:49:14.014Z"}
{"level":"info","message":{"ip":"::1","method":"POST","url":"/api/analytics/cost-optimization","userAgent":"PostmanRuntime/7.45.0"},"timestamp":"2025-08-30T07:49:57.256Z"}
{"level":"info","message":{"ip":"::1","method":"POST","url":"/api/analytics/network-analysis","userAgent":"PostmanRuntime/7.45.0"},"timestamp":"2025-08-30T07:50:38.988Z"}
{"level":"info","message":{"ip":"::1","method":"POST","url":"/api/analytics/environmental-assessment","userAgent":"PostmanRuntime/7.45.0"},"timestamp":"2025-08-30T07:51:34.439Z"}
{"level":"info","message":{"ip":"::1","method":"GET","url":"/api/analytics/real-time-metrics/507f1f77bcf86cd799439011?timeWindow=1h&metrics=efficiency,capacity,demand","userAgent":"PostmanRuntime/7.45.0"},"timestamp":"2025-08-30T07:52:25.446Z"}
{"level":"info","message":{"ip":"::1","method":"GET","url":"/api/analytics/real-time-metrics/507f1f77bcf86cd799439011?timeWindow=1h&metrics=efficiency,capacity,demand","userAgent":"Mozilla/5.0 (Windows NT; Windows NT 10.0; en-IN) WindowsPowerShell/5.1.26100.4768"},"timestamp":"2025-08-30T07:57:11.445Z"}
{"level":"info","message":{"ip":"::1","method":"PUT","url":"/api/analytics/scenarios/507f1f77bcf86cd799439014","userAgent":"PostmanRuntime/7.45.0"},"timestamp":"2025-08-30T07:58:32.917Z"}
{"level":"info","message":{"ip":"::1","method":"GET","url":"/health","userAgent":"Mozilla/5.0 (Windows NT; Windows NT 10.0; en-IN) WindowsPowerShell/5.1.26100.4768"},"timestamp":"2025-08-30T08:00:41.572Z"}
{"level":"info","message":{"ip":"::1","method":"GET","url":"/api/analytics/real-time-metrics/507f1f77bcf86cd799439011?timeWindow=1h&metrics=efficiency,capacity,demand","userAgent":"Mozilla/5.0 (Windows NT; Windows NT 10.0; en-IN) WindowsPowerShell/5.1.26100.4768"},"timestamp":"2025-08-30T08:02:12.277Z"}
{"level":"info","message":{"ip":"::1","method":"GET","url":"/api/analytics/real-time-metrics/507f1f77bcf86cd799439011?timeWindow=1h&metrics=efficiency,capacity,demand","userAgent":"Mozilla/5.0 (Windows NT; Windows NT 10.0; en-IN) WindowsPowerShell/5.1.26100.4768"},"timestamp":"2025-08-30T08:02:18.898Z"}
{"level":"info","message":{"ip":"::1","method":"POST","url":"/api/auth/register","userAgent":"PostmanRuntime/7.45.0"},"timestamp":"2025-08-30T08:05:53.470Z"}
{"level":"info","message":{"ip":"::1","method":"GET","url":"/api/auth/login","userAgent":"PostmanRuntime/7.45.0"},"timestamp":"2025-08-30T08:06:26.543Z"}
{"level":"info","message":{"ip":"::1","method":"GET","url":"/api/auth/login","userAgent":"PostmanRuntime/7.45.0"},"timestamp":"2025-08-30T08:07:10.935Z"}
{"level":"info","message":{"ip":"::1","method":"POST","url":"/api/auth/login","userAgent":"PostmanRuntime/7.45.0"},"timestamp":"2025-08-30T08:07:17.994Z"}
{"level":"info","message":{"ip":"::1","method":"POST","url":"/api/auth/refresh","userAgent":"PostmanRuntime/7.45.0"},"timestamp":"2025-08-30T08:09:18.213Z"}
{"level":"info","message":{"ip":"::1","method":"POST","url":"/api/analytics/geospatial","userAgent":"PostmanRuntime/7.45.0"},"timestamp":"2025-08-30T08:13:04.680Z"}
{"level":"info","message":{"ip":"::1","method":"POST","url":"/api/analytics/demand-forecast","userAgent":"PostmanRuntime/7.45.0"},"timestamp":"2025-08-30T08:14:03.625Z"}
{"level":"info","message":{"ip":"::1","method":"POST","url":"/api/analytics/cost-optimization","userAgent":"PostmanRuntime/7.45.0"},"timestamp":"2025-08-30T08:15:03.730Z"}
{"level":"info","message":{"ip":"::1","method":"POST","url":"/api/analytics/network-analysis","userAgent":"PostmanRuntime/7.45.0"},"timestamp":"2025-08-30T08:16:08.745Z"}
{"level":"info","message":{"ip":"::1","method":"POST","url":"/api/analytics/environmental-assessment","userAgent":"PostmanRuntime/7.45.0"},"timestamp":"2025-08-30T08:16:51.696Z"}
{"level":"info","message":{"ip":"::1","method":"GET","url":"/api/analytics/real-time-metrics/507f1f77bcf86cd799439011?timeWindow=1h&metrics=efficiency,capacity,demand","userAgent":"PostmanRuntime/7.45.0"},"timestamp":"2025-08-30T08:17:19.661Z"}
{"level":"info","message":{"ip":"::1","method":"POST","url":"/api/analytics/mcda","userAgent":"PostmanRuntime/7.45.0"},"timestamp":"2025-08-30T08:18:04.491Z"}
{"level":"info","message":{"ip":"::1","method":"POST","url":"/api/analytics/genetic-optimization","userAgent":"PostmanRuntime/7.45.0"},"timestamp":"2025-08-30T08:18:50.757Z"}
{"level":"info","message":{"ip":"::1","method":"POST","url":"/api/analytics/cost-surface","userAgent":"PostmanRuntime/7.45.0"},"timestamp":"2025-08-30T08:19:34.967Z"}
{"level":"info","message":{"ip":"::1","method":"POST","url":"/api/analytics/genetic-optimization","userAgent":"PostmanRuntime/7.45.0"},"timestamp":"2025-08-30T12:22:15.283Z"}
{"level":"info","message":{"ip":"::1","method":"POST","url":"/api/analytics/genetic-optimization","userAgent":"PostmanRuntime/7.45.0"},"timestamp":"2025-08-30T12:44:25.311Z"}
{"level":"info","message":{"ip":"::1","method":"POST","url":"/api/analytics/genetic-optimization","userAgent":"PostmanRuntime/7.45.0"},"timestamp":"2025-08-30T12:54:52.778Z"}
{"level":"info","message":{"ip":"::1","method":"POST","url":"/api/analytics/genetic-optimization","userAgent":"PostmanRuntime/7.45.0"},"timestamp":"2025-08-30T12:56:20.078Z"}
{"level":"info","message":{"ip":"::1","method":"POST","url":"/api/analytics/genetic-optimization","userAgent":"PostmanRuntime/7.45.0"},"timestamp":"2025-08-30T12:58:47.410Z"}
{"level":"info","message":{"ip":"::1","method":"POST","url":"/api/analytics/genetic-optimization","userAgent":"PostmanRuntime/7.45.0"},"timestamp":"2025-08-30T13:03:23.858Z"}
{"level":"info","message":{"ip":"::1","method":"POST","url":"/api/analytics/genetic-optimization","userAgent":"PostmanRuntime/7.45.0"},"timestamp":"2025-08-30T13:05:15.872Z"}
{"level":"info","message":{"ip":"::1","method":"POST","url":"/api/analytics/cost-surface","userAgent":"PostmanRuntime/7.45.0"},"timestamp":"2025-08-30T13:06:44.322Z"}
{"level":"info","message":{"ip":"::1","method":"POST","url":"/api/analytics/capacity-planning","userAgent":"PostmanRuntime/7.45.0"},"timestamp":"2025-08-30T13:09:52.962Z"}
{"level":"info","message":{"ip":"::1","method":"GET","url":"/api/analytics/data?projectId=507f1f77bcf86cd799439011&dataType=demand_forecast&page=1&limit=10","userAgent":"PostmanRuntime/7.45.0"},"timestamp":"2025-08-30T13:11:31.522Z"}
{"level":"info","message":{"ip":"::1","method":"POST","url":"/api/analytics/data","userAgent":"PostmanRuntime/7.45.0"},"timestamp":"2025-08-30T13:12:42.055Z"}
{"level":"info","message":{"ip":"::1","method":"GET","url":"/api/analytics/scenarios?projectId=507f1f77bcf86cd799439011&scenarioType=site_selection&page=1&limit=10","userAgent":"PostmanRuntime/7.45.0"},"timestamp":"2025-08-30T13:13:08.246Z"}
{"level":"info","message":{"ip":"::1","method":"POST","url":"/api/analytics/scenarios","userAgent":"PostmanRuntime/7.45.0"},"timestamp":"2025-08-30T13:13:58.562Z"}
{"level":"info","message":{"ip":"::1","method":"POST","url":"/api/analytics/scenarios","userAgent":"PostmanRuntime/7.45.0"},"timestamp":"2025-08-30T13:15:05.822Z"}
{"level":"info","message":{"ip":"::1","method":"POST","url":"/api/analytics/scenarios","userAgent":"PostmanRuntime/7.45.0"},"timestamp":"2025-08-30T13:16:31.173Z"}
{"level":"info","message":{"ip":"::1","method":"GET","url":"/api/analytics/scenarios/507f1f77bcf86cd799439013","userAgent":"PostmanRuntime/7.45.0"},"timestamp":"2025-08-30T13:17:04.406Z"}
{"level":"info","message":{"ip":"::1","method":"GET","url":"/api/analytics/scenarios/507f1f77bcf86cd799439011","userAgent":"PostmanRuntime/7.45.0"},"timestamp":"2025-08-30T13:17:38.649Z"}
{"level":"info","message":{"ip":"::1","method":"POST","url":"/api/analytics/scenarios","userAgent":"PostmanRuntime/7.45.0"},"timestamp":"2025-08-30T13:19:04.526Z"}
{"level":"info","message":{"ip":"::1","method":"POST","url":"/api/analytics/scenarios","userAgent":"PostmanRuntime/7.45.0"},"timestamp":"2025-08-30T13:19:53.201Z"}
{"level":"info","message":{"ip":"::1","method":"GET","url":"/api/analytics/scenarios/507f1f77bcf86cd799439011","userAgent":"PostmanRuntime/7.45.0"},"timestamp":"2025-08-30T13:19:59.927Z"}
{"level":"info","message":{"ip":"::1","method":"GET","url":"/api/analytics/scenarios/507f1f77bcf86cd799439013","userAgent":"PostmanRuntime/7.45.0"},"timestamp":"2025-08-30T13:22:24.034Z"}
{"level":"info","message":{"ip":"::1","method":"GET","url":"/api/analytics/scenarios/507f1f77bcf86cd799439013/history","userAgent":"PostmanRuntime/7.45.0"},"timestamp":"2025-08-30T13:23:26.334Z"}
{"level":"info","message":{"ip":"::1","method":"POST","url":"/api/analytics/scenarios/507f1f77bcf86cd799439013","userAgent":"PostmanRuntime/7.45.0"},"timestamp":"2025-08-30T13:25:06.838Z"}
{"level":"info","message":{"ip":"::1","method":"GET","url":"/api/analytics/scenarios/507f1f77bcf86cd799439013","userAgent":"PostmanRuntime/7.45.0"},"timestamp":"2025-08-30T13:31:54.569Z"}
{"level":"info","message":{"ip":"::1","method":"PUT","url":"/api/analytics/scenarios/507f1f77bcf86cd799439013","userAgent":"PostmanRuntime/7.45.0"},"timestamp":"2025-08-30T13:33:17.460Z"}
{"level":"info","message":{"ip":"::1","method":"DELETE","url":"/api/analytics/scenarios/507f1f77bcf86cd799439013","userAgent":"PostmanRuntime/7.45.0"},"timestamp":"2025-08-30T13:33:58.551Z"}
{"level":"info","message":{"ip":"::1","method":"GET","url":"/api/analytics/summary?projectId=507f1f77bcf86cd799439011","userAgent":"PostmanRuntime/7.45.0"},"timestamp":"2025-08-30T13:35:10.422Z"}
{"level":"info","message":{"ip":"::1","method":"GET","url":"/health","userAgent":"PostmanRuntime/7.45.0"},"timestamp":"2025-08-30T13:35:43.213Z"}
{"level":"info","message":{"ip":"::1","method":"GET","url":"/health","userAgent":"Mozilla/5.0 (Windows NT 10.0; Win64; x64) AppleWebKit/537.36 (KHTML, like Gecko) Chrome/139.0.0.0 Safari/537.36"},"timestamp":"2025-08-30T20:27:48.796Z"}
{"level":"info","message":{"ip":"::1","method":"GET","url":"/favicon.ico","userAgent":"Mozilla/5.0 (Windows NT 10.0; Win64; x64) AppleWebKit/537.36 (KHTML, like Gecko) Chrome/139.0.0.0 Safari/537.36"},"timestamp":"2025-08-30T20:27:49.281Z"}
{"level":"info","message":{"ip":"::1","method":"GET","url":"/","userAgent":"node-fetch/1.0 (+https://github.com/bitinn/node-fetch)"},"timestamp":"2025-08-30T21:02:32.630Z"}
{"level":"info","message":{"ip":"::1","method":"GET","url":"/health","userAgent":"node-fetch/1.0 (+https://github.com/bitinn/node-fetch)"},"timestamp":"2025-08-30T21:02:32.658Z"}
{"level":"info","message":{"ip":"::1","method":"POST","url":"/api/auth/register","userAgent":"node-fetch/1.0 (+https://github.com/bitinn/node-fetch)"},"timestamp":"2025-08-30T21:02:32.710Z"}
{"level":"info","message":{"ip":"::1","method":"POST","url":"/api/auth/login","userAgent":"node-fetch/1.0 (+https://github.com/bitinn/node-fetch)"},"timestamp":"2025-08-30T21:02:32.728Z"}
{"level":"info","message":{"ip":"::1","method":"GET","url":"/api/ml-predictions/predict-zone?lat=51.505&lng=-0.09","userAgent":"node-fetch/1.0 (+https://github.com/bitinn/node-fetch)"},"timestamp":"2025-08-30T21:02:32.763Z"}
{"level":"info","message":{"ip":"::1","method":"POST","url":"/api/ml-predictions/predict-zones/batch","userAgent":"node-fetch/1.0 (+https://github.com/bitinn/node-fetch)"},"timestamp":"2025-08-30T21:02:33.053Z"}
{"level":"info","message":{"ip":"::1","method":"POST","url":"/api/ml-predictions/analyze-area","userAgent":"node-fetch/1.0 (+https://github.com/bitinn/node-fetch)"},"timestamp":"2025-08-30T21:02:33.082Z"}
{"level":"info","message":{"ip":"::1","method":"GET","url":"/api/projects?limit=10","userAgent":"node-fetch/1.0 (+https://github.com/bitinn/node-fetch)"},"timestamp":"2025-08-30T21:02:33.175Z"}
{"level":"info","message":{"ip":"::1","method":"GET","url":"/api/infrastructure?limit=10","userAgent":"node-fetch/1.0 (+https://github.com/bitinn/node-fetch)"},"timestamp":"2025-08-30T21:02:33.179Z"}
{"level":"info","message":{"ip":"::1","method":"GET","url":"/api/analytics/summary","userAgent":"node-fetch/1.0 (+https://github.com/bitinn/node-fetch)"},"timestamp":"2025-08-30T21:02:33.183Z"}
{"level":"info","message":{"ip":"::1","method":"GET","url":"/api/ml-predictions/health","userAgent":"node-fetch/1.0 (+https://github.com/bitinn/node-fetch)"},"timestamp":"2025-08-30T21:02:33.187Z"}
{"level":"info","message":{"ip":"::1","method":"GET","url":"/health","userAgent":"node-fetch/1.0 (+https://github.com/bitinn/node-fetch)"},"timestamp":"2025-08-30T21:03:42.545Z"}
{"level":"info","message":{"ip":"::1","method":"GET","url":"/health","userAgent":"node-fetch/1.0 (+https://github.com/bitinn/node-fetch)"},"timestamp":"2025-08-30T21:04:10.115Z"}
{"level":"info","message":{"ip":"::1","method":"GET","url":"/","userAgent":"node-fetch/1.0 (+https://github.com/bitinn/node-fetch)"},"timestamp":"2025-08-30T21:04:19.634Z"}
{"level":"info","message":{"ip":"::1","method":"GET","url":"/health","userAgent":"node-fetch/1.0 (+https://github.com/bitinn/node-fetch)"},"timestamp":"2025-08-30T21:04:19.649Z"}
{"level":"info","message":{"ip":"::1","method":"POST","url":"/api/auth/register","userAgent":"node-fetch/1.0 (+https://github.com/bitinn/node-fetch)"},"timestamp":"2025-08-30T21:04:19.682Z"}
{"level":"info","message":{"ip":"::1","method":"POST","url":"/api/auth/login","userAgent":"node-fetch/1.0 (+https://github.com/bitinn/node-fetch)"},"timestamp":"2025-08-30T21:04:19.694Z"}
{"level":"info","message":{"ip":"::1","method":"GET","url":"/api/ml-predictions/predict-zone?lat=51.505&lng=-0.09","userAgent":"node-fetch/1.0 (+https://github.com/bitinn/node-fetch)"},"timestamp":"2025-08-30T21:04:19.722Z"}
{"level":"info","message":{"ip":"::1","method":"POST","url":"/api/ml-predictions/predict-zones/batch","userAgent":"node-fetch/1.0 (+https://github.com/bitinn/node-fetch)"},"timestamp":"2025-08-30T21:04:19.773Z"}
{"level":"info","message":{"ip":"::1","method":"POST","url":"/api/ml-predictions/analyze-area","userAgent":"node-fetch/1.0 (+https://github.com/bitinn/node-fetch)"},"timestamp":"2025-08-30T21:04:19.788Z"}
{"level":"info","message":{"ip":"::1","method":"GET","url":"/api/projects?limit=10","userAgent":"node-fetch/1.0 (+https://github.com/bitinn/node-fetch)"},"timestamp":"2025-08-30T21:04:19.866Z"}
{"level":"info","message":{"ip":"::1","method":"GET","url":"/api/infrastructure?limit=10","userAgent":"node-fetch/1.0 (+https://github.com/bitinn/node-fetch)"},"timestamp":"2025-08-30T21:04:19.871Z"}
{"level":"info","message":{"ip":"::1","method":"GET","url":"/api/analytics/summary","userAgent":"node-fetch/1.0 (+https://github.com/bitinn/node-fetch)"},"timestamp":"2025-08-30T21:04:19.874Z"}
{"level":"info","message":{"ip":"::1","method":"GET","url":"/api/ml-predictions/health","userAgent":"node-fetch/1.0 (+https://github.com/bitinn/node-fetch)"},"timestamp":"2025-08-30T21:04:19.877Z"}
{"level":"info","message":{"ip":"::1","method":"GET","url":"/","userAgent":"node-fetch/1.0 (+https://github.com/bitinn/node-fetch)"},"timestamp":"2025-08-30T21:05:58.487Z"}
{"level":"info","message":{"ip":"::1","method":"GET","url":"/health","userAgent":"node-fetch/1.0 (+https://github.com/bitinn/node-fetch)"},"timestamp":"2025-08-30T21:05:58.516Z"}
{"level":"info","message":{"ip":"::1","method":"POST","url":"/api/auth/register","userAgent":"node-fetch/1.0 (+https://github.com/bitinn/node-fetch)"},"timestamp":"2025-08-30T21:05:58.559Z"}
{"level":"info","message":{"ip":"::1","method":"POST","url":"/api/auth/login","userAgent":"node-fetch/1.0 (+https://github.com/bitinn/node-fetch)"},"timestamp":"2025-08-30T21:05:58.975Z"}
{"level":"info","message":{"ip":"::1","method":"GET","url":"/api/ml-predictions/predict-zone?lat=51.505&lng=-0.09","userAgent":"node-fetch/1.0 (+https://github.com/bitinn/node-fetch)"},"timestamp":"2025-08-30T21:05:59.292Z"}
{"level":"info","message":{"ip":"::1","method":"POST","url":"/api/ml-predictions/predict-zones/batch","userAgent":"node-fetch/1.0 (+https://github.com/bitinn/node-fetch)"},"timestamp":"2025-08-30T21:05:59.343Z"}
{"level":"info","message":{"ip":"::1","method":"POST","url":"/api/ml-predictions/analyze-area","userAgent":"node-fetch/1.0 (+https://github.com/bitinn/node-fetch)"},"timestamp":"2025-08-30T21:05:59.364Z"}
{"level":"info","message":{"ip":"::1","method":"GET","url":"/api/projects?limit=10","userAgent":"node-fetch/1.0 (+https://github.com/bitinn/node-fetch)"},"timestamp":"2025-08-30T21:05:59.459Z"}
{"level":"info","message":{"ip":"::1","method":"GET","url":"/api/infrastructure?limit=10","userAgent":"node-fetch/1.0 (+https://github.com/bitinn/node-fetch)"},"timestamp":"2025-08-30T21:05:59.465Z"}
{"level":"info","message":{"ip":"::1","method":"GET","url":"/api/analytics/summary","userAgent":"node-fetch/1.0 (+https://github.com/bitinn/node-fetch)"},"timestamp":"2025-08-30T21:05:59.469Z"}
{"level":"info","message":{"ip":"::1","method":"GET","url":"/api/ml-predictions/health","userAgent":"node-fetch/1.0 (+https://github.com/bitinn/node-fetch)"},"timestamp":"2025-08-30T21:05:59.474Z"}
{"level":"info","message":{"ip":"::1","method":"GET","url":"/","userAgent":"node-fetch/1.0 (+https://github.com/bitinn/node-fetch)"},"timestamp":"2025-08-30T21:06:22.818Z"}
{"level":"info","message":{"ip":"::1","method":"GET","url":"/health","userAgent":"node-fetch/1.0 (+https://github.com/bitinn/node-fetch)"},"timestamp":"2025-08-30T21:06:22.841Z"}
{"level":"info","message":{"ip":"::1","method":"POST","url":"/api/auth/register","userAgent":"node-fetch/1.0 (+https://github.com/bitinn/node-fetch)"},"timestamp":"2025-08-30T21:06:22.874Z"}
{"level":"info","message":{"ip":"::1","method":"POST","url":"/api/auth/login","userAgent":"node-fetch/1.0 (+https://github.com/bitinn/node-fetch)"},"timestamp":"2025-08-30T21:06:22.917Z"}
{"level":"info","message":{"ip":"::1","method":"GET","url":"/api/ml-predictions/predict-zone?lat=51.505&lng=-0.09","userAgent":"node-fetch/1.0 (+https://github.com/bitinn/node-fetch)"},"timestamp":"2025-08-30T21:06:23.275Z"}
{"level":"info","message":{"ip":"::1","method":"POST","url":"/api/ml-predictions/predict-zones/batch","userAgent":"node-fetch/1.0 (+https://github.com/bitinn/node-fetch)"},"timestamp":"2025-08-30T21:06:23.321Z"}
{"level":"info","message":{"ip":"::1","method":"POST","url":"/api/ml-predictions/analyze-area","userAgent":"node-fetch/1.0 (+https://github.com/bitinn/node-fetch)"},"timestamp":"2025-08-30T21:06:23.340Z"}
{"level":"info","message":{"ip":"::1","method":"GET","url":"/api/projects?limit=10","userAgent":"node-fetch/1.0 (+https://github.com/bitinn/node-fetch)"},"timestamp":"2025-08-30T21:06:23.430Z"}
{"level":"info","message":{"ip":"::1","method":"GET","url":"/api/infrastructure?limit=10","userAgent":"node-fetch/1.0 (+https://github.com/bitinn/node-fetch)"},"timestamp":"2025-08-30T21:06:23.503Z"}
{"level":"info","message":{"ip":"::1","method":"GET","url":"/api/analytics/summary","userAgent":"node-fetch/1.0 (+https://github.com/bitinn/node-fetch)"},"timestamp":"2025-08-30T21:06:23.508Z"}
{"level":"info","message":{"ip":"::1","method":"GET","url":"/api/ml-predictions/health","userAgent":"node-fetch/1.0 (+https://github.com/bitinn/node-fetch)"},"timestamp":"2025-08-30T21:06:23.513Z"}
{"level":"info","message":{"ip":"::1","method":"GET","url":"/","userAgent":"node-fetch/1.0 (+https://github.com/bitinn/node-fetch)"},"timestamp":"2025-08-30T21:06:53.653Z"}
{"level":"info","message":{"ip":"::1","method":"GET","url":"/health","userAgent":"node-fetch/1.0 (+https://github.com/bitinn/node-fetch)"},"timestamp":"2025-08-30T21:06:53.676Z"}
{"level":"info","message":{"ip":"::1","method":"POST","url":"/api/auth/register","userAgent":"node-fetch/1.0 (+https://github.com/bitinn/node-fetch)"},"timestamp":"2025-08-30T21:06:53.717Z"}
{"level":"info","message":{"ip":"::1","method":"POST","url":"/api/auth/login","userAgent":"node-fetch/1.0 (+https://github.com/bitinn/node-fetch)"},"timestamp":"2025-08-30T21:06:53.758Z"}
{"level":"info","message":{"ip":"::1","method":"GET","url":"/api/ml-predictions/predict-zone?lat=51.505&lng=-0.09","userAgent":"node-fetch/1.0 (+https://github.com/bitinn/node-fetch)"},"timestamp":"2025-08-30T21:06:54.103Z"}
{"level":"info","message":{"ip":"::1","method":"POST","url":"/api/ml-predictions/predict-zones/batch","userAgent":"node-fetch/1.0 (+https://github.com/bitinn/node-fetch)"},"timestamp":"2025-08-30T21:06:54.147Z"}
{"level":"info","message":{"ip":"::1","method":"POST","url":"/api/ml-predictions/analyze-area","userAgent":"node-fetch/1.0 (+https://github.com/bitinn/node-fetch)"},"timestamp":"2025-08-30T21:06:54.167Z"}
{"level":"info","message":{"ip":"::1","method":"GET","url":"/api/projects?limit=10","userAgent":"node-fetch/1.0 (+https://github.com/bitinn/node-fetch)"},"timestamp":"2025-08-30T21:06:54.249Z"}
{"level":"info","message":{"ip":"::1","method":"GET","url":"/api/infrastructure?limit=10","userAgent":"node-fetch/1.0 (+https://github.com/bitinn/node-fetch)"},"timestamp":"2025-08-30T21:06:54.261Z"}
{"level":"info","message":{"ip":"::1","method":"GET","url":"/api/projects?limit=1","userAgent":"node-fetch/1.0 (+https://github.com/bitinn/node-fetch)"},"timestamp":"2025-08-30T21:06:54.269Z"}
{"level":"info","message":{"ip":"::1","method":"GET","url":"/api/analytics/summary?projectId=test-project-id","userAgent":"node-fetch/1.0 (+https://github.com/bitinn/node-fetch)"},"timestamp":"2025-08-30T21:06:54.312Z"}
{"level":"info","message":{"ip":"::1","method":"GET","url":"/api/ml-predictions/health","userAgent":"node-fetch/1.0 (+https://github.com/bitinn/node-fetch)"},"timestamp":"2025-08-30T21:06:54.349Z"}
{"level":"info","message":{"ip":"::1","method":"POST","url":"/api/auth/register","userAgent":"Mozilla/5.0 (Windows NT 10.0; Win64; x64) AppleWebKit/537.36 (KHTML, like Gecko) Chrome/139.0.0.0 Safari/537.36"},"timestamp":"2025-08-30T21:22:57.083Z"}
{"level":"info","message":{"ip":"::1","method":"POST","url":"/api/auth/login","userAgent":"Mozilla/5.0 (Windows NT 10.0; Win64; x64) AppleWebKit/537.36 (KHTML, like Gecko) Chrome/139.0.0.0 Safari/537.36"},"timestamp":"2025-08-30T21:26:58.015Z"}
{"level":"info","message":{"ip":"::1","method":"GET","url":"/api/projects?limit=10","userAgent":"Mozilla/5.0 (Windows NT 10.0; Win64; x64) AppleWebKit/537.36 (KHTML, like Gecko) Chrome/139.0.0.0 Safari/537.36"},"timestamp":"2025-08-30T21:36:04.546Z"}
{"level":"info","message":{"ip":"::1","method":"GET","url":"/api/analytics/summary","userAgent":"Mozilla/5.0 (Windows NT 10.0; Win64; x64) AppleWebKit/537.36 (KHTML, like Gecko) Chrome/139.0.0.0 Safari/537.36"},"timestamp":"2025-08-30T21:36:04.680Z"}
{"level":"info","message":{"ip":"::1","method":"GET","url":"/","userAgent":"node-fetch/1.0 (+https://github.com/bitinn/node-fetch)"},"timestamp":"2025-08-30T21:39:37.408Z"}
{"level":"info","message":{"ip":"::1","method":"GET","url":"/health","userAgent":"node-fetch/1.0 (+https://github.com/bitinn/node-fetch)"},"timestamp":"2025-08-30T21:39:37.586Z"}
{"level":"info","message":{"ip":"::1","method":"POST","url":"/api/auth/register","userAgent":"node-fetch/1.0 (+https://github.com/bitinn/node-fetch)"},"timestamp":"2025-08-30T21:39:37.621Z"}
{"level":"info","message":{"ip":"::1","method":"POST","url":"/api/auth/login","userAgent":"node-fetch/1.0 (+https://github.com/bitinn/node-fetch)"},"timestamp":"2025-08-30T21:39:37.697Z"}
{"level":"info","message":{"ip":"::1","method":"GET","url":"/api/ml-predictions/predict-zone?lat=51.505&lng=-0.09","userAgent":"node-fetch/1.0 (+https://github.com/bitinn/node-fetch)"},"timestamp":"2025-08-30T21:39:38.076Z"}
{"level":"info","message":{"ip":"::1","method":"POST","url":"/api/ml-predictions/predict-zones/batch","userAgent":"node-fetch/1.0 (+https://github.com/bitinn/node-fetch)"},"timestamp":"2025-08-30T21:39:38.342Z"}
{"level":"info","message":{"ip":"::1","method":"POST","url":"/api/ml-predictions/analyze-area","userAgent":"node-fetch/1.0 (+https://github.com/bitinn/node-fetch)"},"timestamp":"2025-08-30T21:39:38.380Z"}
{"level":"info","message":{"ip":"::1","method":"GET","url":"/api/projects?limit=10","userAgent":"node-fetch/1.0 (+https://github.com/bitinn/node-fetch)"},"timestamp":"2025-08-30T21:39:38.753Z"}
{"level":"info","message":{"ip":"::1","method":"GET","url":"/api/infrastructure?limit=10","userAgent":"node-fetch/1.0 (+https://github.com/bitinn/node-fetch)"},"timestamp":"2025-08-30T21:39:38.789Z"}
{"level":"info","message":{"ip":"::1","method":"GET","url":"/api/projects?limit=1","userAgent":"node-fetch/1.0 (+https://github.com/bitinn/node-fetch)"},"timestamp":"2025-08-30T21:39:38.798Z"}
{"level":"info","message":{"ip":"::1","method":"GET","url":"/api/analytics/summary?projectId=68b36f59fc66d000372cf48b","userAgent":"node-fetch/1.0 (+https://github.com/bitinn/node-fetch)"},"timestamp":"2025-08-30T21:39:38.917Z"}
{"level":"info","message":{"ip":"::1","method":"GET","url":"/api/ml-predictions/health","userAgent":"node-fetch/1.0 (+https://github.com/bitinn/node-fetch)"},"timestamp":"2025-08-30T21:39:38.962Z"}
{"level":"info","message":{"ip":"::1","method":"GET","url":"/api/projects?","userAgent":"Mozilla/5.0 (Windows NT 10.0; Win64; x64) AppleWebKit/537.36 (KHTML, like Gecko) Chrome/139.0.0.0 Safari/537.36"},"timestamp":"2025-08-30T21:40:35.561Z"}
{"level":"info","message":{"ip":"::1","method":"GET","url":"/api/projects?","userAgent":"Mozilla/5.0 (Windows NT 10.0; Win64; x64) AppleWebKit/537.36 (KHTML, like Gecko) Chrome/139.0.0.0 Safari/537.36"},"timestamp":"2025-08-30T21:40:35.568Z"}
{"level":"info","message":{"ip":"::1","method":"GET","url":"/api/analytics/summary","userAgent":"Mozilla/5.0 (Windows NT 10.0; Win64; x64) AppleWebKit/537.36 (KHTML, like Gecko) Chrome/139.0.0.0 Safari/537.36"},"timestamp":"2025-08-30T21:41:04.251Z"}
{"level":"info","message":{"ip":"::1","method":"GET","url":"/api/projects?limit=1000","userAgent":"Mozilla/5.0 (Windows NT 10.0; Win64; x64) AppleWebKit/537.36 (KHTML, like Gecko) Chrome/139.0.0.0 Safari/537.36"},"timestamp":"2025-08-30T21:41:04.299Z"}
{"level":"info","message":{"ip":"::1","method":"GET","url":"/api/infrastructure?","userAgent":"Mozilla/5.0 (Windows NT 10.0; Win64; x64) AppleWebKit/537.36 (KHTML, like Gecko) Chrome/139.0.0.0 Safari/537.36"},"timestamp":"2025-08-30T21:41:28.130Z"}
{"level":"info","message":{"ip":"::1","method":"GET","url":"/api/infrastructure?","userAgent":"Mozilla/5.0 (Windows NT 10.0; Win64; x64) AppleWebKit/537.36 (KHTML, like Gecko) Chrome/139.0.0.0 Safari/537.36"},"timestamp":"2025-08-30T21:41:28.158Z"}
{"level":"info","message":{"ip":"::1","method":"GET","url":"/api/infrastructure?","userAgent":"Mozilla/5.0 (Windows NT 10.0; Win64; x64) AppleWebKit/537.36 (KHTML, like Gecko) Chrome/139.0.0.0 Safari/537.36"},"timestamp":"2025-08-30T21:41:58.806Z"}
{"level":"info","message":{"ip":"::1","method":"GET","url":"/api/infrastructure?","userAgent":"Mozilla/5.0 (Windows NT 10.0; Win64; x64) AppleWebKit/537.36 (KHTML, like Gecko) Chrome/139.0.0.0 Safari/537.36"},"timestamp":"2025-08-30T21:42:32.906Z"}
{"level":"info","message":{"ip":"::1","method":"GET","url":"/api/auth/profile","userAgent":"Mozilla/5.0 (Windows NT 10.0; Win64; x64) AppleWebKit/537.36 (KHTML, like Gecko) Chrome/139.0.0.0 Safari/537.36"},"timestamp":"2025-08-30T21:42:52.387Z"}
{"level":"info","message":{"ip":"::1","method":"GET","url":"/api/auth/profile","userAgent":"Mozilla/5.0 (Windows NT 10.0; Win64; x64) AppleWebKit/537.36 (KHTML, like Gecko) Chrome/139.0.0.0 Safari/537.36"},"timestamp":"2025-08-30T21:42:52.454Z"}
{"level":"info","message":{"ip":"::1","method":"GET","url":"/api/projects?limit=10","userAgent":"Mozilla/5.0 (Windows NT 10.0; Win64; x64) AppleWebKit/537.36 (KHTML, like Gecko) Chrome/139.0.0.0 Safari/537.36"},"timestamp":"2025-08-30T21:43:23.173Z"}
{"level":"info","message":{"ip":"::1","method":"GET","url":"/api/analytics/summary","userAgent":"Mozilla/5.0 (Windows NT 10.0; Win64; x64) AppleWebKit/537.36 (KHTML, like Gecko) Chrome/139.0.0.0 Safari/537.36"},"timestamp":"2025-08-30T21:43:23.201Z"}
{"level":"info","message":{"ip":"::1","method":"GET","url":"/api/projects?limit=100","userAgent":"Mozilla/5.0 (Windows NT 10.0; Win64; x64) AppleWebKit/537.36 (KHTML, like Gecko) Chrome/139.0.0.0 Safari/537.36"},"timestamp":"2025-08-30T21:43:33.624Z"}
{"level":"info","message":{"ip":"::1","method":"GET","url":"/api/projects?limit=100","userAgent":"Mozilla/5.0 (Windows NT 10.0; Win64; x64) AppleWebKit/537.36 (KHTML, like Gecko) Chrome/139.0.0.0 Safari/537.36"},"timestamp":"2025-08-30T21:43:33.645Z"}
{"level":"info","message":{"ip":"::1","method":"GET","url":"/api/infrastructure?","userAgent":"Mozilla/5.0 (Windows NT 10.0; Win64; x64) AppleWebKit/537.36 (KHTML, like Gecko) Chrome/139.0.0.0 Safari/537.36"},"timestamp":"2025-08-30T21:44:15.575Z"}
{"level":"info","message":{"ip":"::1","method":"GET","url":"/api/infrastructure","userAgent":"PostmanRuntime/7.45.0"},"timestamp":"2025-08-30T21:45:12.274Z"}
{"level":"info","message":{"ip":"::1","method":"GET","url":"/api/infrastructure","userAgent":"PostmanRuntime/7.45.0"},"timestamp":"2025-08-30T21:46:10.294Z"}
